<?xml version="1.0" encoding="UTF-8"?>
<!-- Generated by org.testng.reporters.JUnitReportReporter -->
<testsuite hostname="DESKTOP-KGTDEOU" failures="0" tests="1" name="testmaven.IntegrationTestng.basic" time="5.459" errors="0" timestamp="2023-01-23T19:40:42 IST" skipped="0">
  <testcase classname="testmaven.IntegrationTestng.basic" name="hitUrl" time="5.459"/>
  <system-out/>
</testsuite> <!-- testmaven.IntegrationTestng.basic -->
