<?xml version="1.0" encoding="UTF-8"?>
<!-- Generated by org.testng.reporters.JUnitReportReporter -->
<testsuite hostname="DESKTOP-KGTDEOU" failures="0" tests="1" name="testmaven.IntegrationTestng.basic" time="6.438" errors="0" timestamp="2023-01-24T22:10:51 IST" skipped="0">
  <testcase classname="testmaven.IntegrationTestng.basic" name="hitUrl" time="6.438"/>
  <system-out/>
</testsuite> <!-- testmaven.IntegrationTestng.basic -->
